<?xml version="1.0" encoding="utf-8"?><testsuite errors="0" failures="0" name="peeemtee" skipped="0" tests="3" time="0.685"><testcase classname="peeemtee.tests.test_tools.TestTools" file="peeemtee/tests/test_tools.py" line="10" name="test_calculate_charges" time="0.001"></testcase><testcase classname="peeemtee.tests.test_tools.TestTools" file="peeemtee/tests/test_tools.py" line="22" name="test_calculate_histogram_data" time="0.001"></testcase><testcase classname="peeemtee.tests.test_tools.TestTools" file="peeemtee/tests/test_tools.py" line="36" name="test_peak_finder" time="0.228"></testcase></testsuite>