<?xml version="1.0" encoding="utf-8"?><testsuite errors="0" failures="0" name="peeemtee" skipped="0" tests="1" time="0.284"><testcase classname="peeemtee.tests.test_tools.TestTools" file="peeemtee/tests/test_tools.py" line="7" name="test_calculate_charges" time="0.001"></testcase></testsuite>